-1.340500164020803908e-02
-1.340500164020803908e-02
-2.517496202043217890e-02
-3.857996366064021798e-02
-3.427483209015647070e-02
-5.944979411058865654e-02
-4.016772244763353733e-02
-7.444255453779002885e-02
-4.170953858110351686e-02
-8.187726102873707501e-02
-3.684558776932776725e-02
-7.855512635043129799e-02
-2.365150003350275504e-02
-6.049708780283052922e-02
-3.091283730144721385e-03
-2.674278376364748813e-02
2.074868710087578172e-02
1.765740337073105903e-02
4.323564924167407064e-02
6.398433634254985236e-02
6.152518991970538226e-02
1.047608391613794598e-01
7.364212882102916247e-02
1.351673187407345655e-01
7.694015167334167238e-02
1.505822804943708348e-01
6.731560491093870058e-02
1.442557565842804146e-01
4.068706158041473370e-02
1.080026664913534551e-01
0.000000000000000000e+00
4.068706158041474757e-02
-3.559270394544651606e-02
-2.218770230523846310e-02
-8.015885715072607054e-02
-7.717159743553234086e-02
-1.157821998631845539e-01
-1.230862612631139080e-01
-1.400501416376493391e-01
-1.562148249426116853e-01
-1.496942188587839506e-01
-1.735922673775397718e-01
-1.383127007199160263e-01
-1.692840707806351486e-01
-9.867199235001535007e-02
-1.347780666859973164e-01
-3.122013984441202733e-02
-6.630376066145211855e-02
5.177049447043093749e-02
2.654445128879060617e-02
1.337363351702468561e-01
1.246137770282726431e-01
2.028036225053927444e-01
2.110304314133843451e-01
2.518848979870019766e-01
2.762855525099860987e-01
2.725775064238488699e-01
3.123549339967746086e-01
2.516934018220169378e-01
3.063730228405562861e-01
1.737620995140015390e-01
2.405126831713233493e-01
4.068706158041474757e-02
1.064464946030628245e-01
-4.777867112938509464e-02
-2.559096882414661420e-02
-1.118431167486890754e-01
-9.585519208274986824e-02
-1.630218007022913029e-01
-1.547659159030601861e-01
-1.974410936073212053e-01
-1.969440079670714550e-01
-2.107880963512464012e-01
-2.184722392760655163e-01
-1.949719492459747461e-01
-2.125779262978302053e-01
-1.404220952102631370e-01
-1.696446077095214722e-01
-4.682788425731353177e-02
-8.484014447014258387e-02
6.926244809978190919e-02
3.097373337071786248e-02
1.839179579827615041e-01
1.537926722359110876e-01
2.799467968276607155e-01
2.619568815390120875e-01
3.477230333086924752e-01
3.431574687183754913e-01
3.769045079920433361e-01
3.878719527809770806e-01
3.503364624720217702e-01
3.810905200505831925e-01
2.468858782663592710e-01
3.020300365485183991e-01
6.575943302264808388e-02
1.394482330286226923e-01
-5.019794529024702856e-02
-2.460697646610041089e-02
-1.202071673828149223e-01
-9.673762289555055960e-02
-1.764971795967236190e-01
-1.579263557424175901e-01
-2.138878129194277666e-01
-2.016968693483110475e-01
-2.273489334784488669e-01
-2.232615927620608676e-01
-2.089311997534754883e-01
-2.160180640092750348e-01
-1.500267772465543603e-01
-1.717073922386529172e-01
-5.060316684716571756e-02
-8.656728712431917272e-02
7.323776501853215826e-02
2.967312501347761644e-02
1.966568582752717398e-01
1.543906657869568710e-01
3.005505472913658216e-01
2.653758097744758904e-01
3.733726710264243520e-01
3.487556648880633103e-01
4.033732854267049195e-01
3.934395682624691748e-01
3.732239197479901849e-01
3.845392403351782229e-01
2.632161896416676528e-01
3.036560152625781273e-01
7.368880000597462232e-02
1.423125983368604408e-01
-4.516345252018437451e-02
-2.055647605408396361e-02
-1.103003197625505860e-01
-8.431711821133100471e-02
-1.634697891848636842e-01
-1.393132976922610011e-01
-1.987346847815140982e-01
-1.790784284723727360e-01
-2.107618850085616891e-01
-1.984259205991315556e-01
-1.928560773613013368e-01
-1.916872390769759904e-01
-1.387837135624489793e-01
-1.528455344292978524e-01
-4.921617661248381403e-02
-7.975198805851504980e-02
6.296348486236372222e-02
2.003830351355572956e-02
1.768853147452918717e-01
1.290227738257532508e-01
2.742121748826261141e-01
2.279878723417569919e-01
3.422414068286921962e-01
3.028726543401448756e-01
3.687822201004272715e-01
3.422010648050113346e-01
3.386781113385154418e-01
3.328548082680002351e-01
2.375131249533446176e-01
2.612199004420939774e-01
6.862379833088581849e-02
1.233844993264595902e-01
-3.542086212820044766e-02
-1.486438607411648578e-02
-8.818503932246056498e-02
-6.389575970543041883e-02
-1.320711391650521149e-01
-1.069260823464712185e-01
-1.616366425200275181e-01
-1.387858447053095245e-01
-1.720068905631020606e-01
-1.548738687931393576e-01
-1.582367031664113355e-01
-1.508923190619675114e-01
-1.164416171099297154e-01
-1.230016241313685726e-01
-4.756918276166942350e-02
-7.019699094623521596e-02
3.954051170967361195e-02
2.468836880479687718e-03
1.301052105971005346e-01
8.354812982982887104e-02
2.092156737328796923e-01
1.591955529077618281e-01
2.649506043043140524e-01
2.175179262379179912e-01
2.864286741104146161e-01
2.485469660982646545e-01
2.621394168493085819e-01
2.422944379871388443e-01
1.832910259293836774e-01
1.900338454071134331e-01
5.476070099557377169e-02
9.096045210974852691e-02
-2.371428708568324925e-02
-8.849901011566758263e-03
-6.039814345855037958e-02
-4.077314689288717015e-02
-9.157637646878533100e-02
-6.933771719789462440e-02
-1.134385100935928758e-01
-9.137409867564952326e-02
-1.224455500349606735e-01
-1.038609891501321714e-01
-1.154031052614322705e-01
-1.040893580043881494e-01
-9.015490835310382978e-02
-8.990077358761135173e-02
-4.739481387850313920e-02
-6.079272426393290962e-02
7.839080291471525741e-03
-1.939676228294551566e-02
6.690567488716236966e-02
2.826830017799894859e-02
1.201670678700770267e-01
7.443427061674917633e-02
1.589403382326518566e-01
1.116096006899287285e-01
1.753746644689747891e-01
1.332007146697580247e-01
1.620933662604267245e-01
1.330553007544126032e-01
1.144178804393958665e-01
1.063223801548788122e-01
3.619975111417475522e-02
5.291435996609230447e-02
-1.233608916770655498e-02
-3.486188156139796712e-03
-3.274230529484634111e-02
-1.916963364378220999e-02
-5.072495681054631222e-02
-3.375454147316123837e-02
-6.450606784457865728e-02
-4.609558525036613896e-02
-7.239050319649811827e-02
-5.509999330888793595e-02
-7.283795576402372907e-02
-5.972366184096219999e-02
-6.477574872640462500e-02
-5.902667815986113037e-02
-4.830619774487447671e-02
-5.254335697283868400e-02
-2.529707223132217006e-02
-4.080859730782137457e-02
8.394107911357702456e-04
-2.549011904376831394e-02
2.607005301853828477e-02
-8.887432097911722798e-03
4.650093816596684304e-02
6.694187747904225411e-03
5.846464839856735374e-02
1.909560943749926548e-02
5.848458545130019032e-02
2.606788289467165676e-02
4.421400104891545779e-02
2.541427185135094330e-02
1.671460885191754925e-02
1.610975021925776032e-02
-2.822896506613490827e-03
6.632916495263032827e-04
-9.229872589192195109e-03
-1.733036463590230955e-03
-1.573574986507184775e-02
-4.783752632166926935e-03
-2.241251219528053729e-02
-9.023092147371314722e-03
-2.932897939075831614e-02
-1.505198087136342885e-02
-3.636684738332071620e-02
-2.326267482072701814e-02
-4.314265495570812625e-02
-3.359711810222924810e-02
-4.910572314982217246e-02
-4.545409169923510240e-02
-5.367502552875956512e-02
-5.773499214279614877e-02
-5.622334509602286423e-02
-6.889672650451490743e-02
-5.596515128597508854e-02
-7.697153444918214404e-02
-5.202287369400548922e-02
-7.972472761143481468e-02
-4.380813555140761900e-02
-7.511986826484977342e-02
-3.152511111170946956e-02
-6.203209059672067788e-02
-1.641614311851396710e-02
-4.093882352494586374e-02
-6.048586326597904430e-04
-1.433102277286700532e-02
4.051088770768578734e-03
3.387797121242337034e-03
8.052406111702586217e-03
1.035034318992160245e-02
1.014085659665419151e-02
1.548017921492174202e-02
8.862021348675480290e-03
1.707397285979606744e-02
2.812612365285481041e-03
1.333719453741517326e-02
-8.927857193190467944e-03
2.870431473427145254e-03
-2.641544453419673866e-02
-1.485035618775165656e-02
-4.859086054241455732e-02
-3.909775023085506479e-02
-7.318311829229649790e-02
-6.769061814250196263e-02
-9.677264029767042308e-02
-9.699906547141542990e-02
-1.150764172143008968e-01
-1.222041416542971187e-01
-1.235439097239192652e-01
-1.378892161635782709e-01
-1.182583121785529545e-01
-1.389804997201931069e-01
-9.705243460289486590e-02
-1.219669234712849881e-01
-6.065917775673172752e-02
-8.626580934966952829e-02
-1.372616414020721466e-02
-3.553163871764005582e-02
8.121642747206433977e-03
4.733845625964160260e-03
1.857058173444011903e-02
1.700517294125119400e-02
2.604852251900634241e-02
2.684098796030570319e-02
2.828032876176084232e-02
3.191555580270356851e-02
2.307235127165684768e-02
2.980353398488193306e-02
8.894586827561829293e-03
1.857192445366184427e-02
-1.456168427521017418e-02
-2.615029926514298927e-03
-4.595213126598601816e-02
-3.298115365678620792e-02
-8.206630301985134990e-02
-6.982092645489489102e-02
-1.179160916795125996e-01
-1.084758293777430410e-01
-1.472052672184925026e-01
-1.426907920699629906e-01
-1.632178318159217822e-01
-1.654061584308398059e-01
-1.600643852039611015e-01
-1.699564108600307433e-01
-1.342025905047562195e-01
-1.515778646957922082e-01
-8.609948245935339362e-02
-1.091217747460499765e-01
-2.180547457743283943e-02
-4.676668672620838685e-02
9.645823312067678540e-03
4.911977686103582465e-03
2.286349897382098512e-02
1.889194646587974424e-02
3.275859617326137840e-02
3.034651597996558536e-02
3.677346383115412398e-02
3.682403876041256963e-02
3.244651217000014271e-02
3.578121497532960049e-02
1.803344878813419039e-02
2.517685379124740691e-02
-6.882976371143101346e-03
4.088164717405377326e-03
-4.090347943372413253e-02
-2.675195649677689080e-02
-8.055817510382504154e-02
-6.461170569185409329e-02
-1.203954962298819237e-01
-1.047232185209203970e-01
-1.535009201631090947e-01
-1.406458866247976003e-01
-1.724749401813006622e-01
-1.650841770620994908e-01
-1.707918776793509452e-01
-1.711220803857028405e-01
-1.444421199247207799e-01
-1.537641072522098473e-01
-9.372782025399237216e-02
-1.116728912416272007e-01
-2.496121214877555089e-02
-4.890005338986296024e-02
9.130713299961150040e-03
4.218735613857565840e-03
2.211114115915949196e-02
1.708375361920499644e-02
3.200195758691440351e-02
2.773813527404954404e-02
3.640925783898804613e-02
3.399925685878566611e-02
3.303317479552329849e-02
3.361064272992328461e-02
2.023306586716525426e-02
2.475468406611168459e-02
-2.411460461955099860e-03
6.590035684691564026e-03
-3.364403235512299778e-02
-2.027467740884968117e-02
-7.028964563652317921e-02
-5.347349523673930460e-02
-1.073310976340340478e-01
-8.884399416160776441e-02
-1.383827460912698259e-01
-1.207402348094678002e-01
-1.565895623582708174e-01
-1.427431649257526192e-01
-1.558875975992093932e-01
-1.487458426909785691e-01
-1.325166332340855235e-01
-1.343099208747331463e-01
-8.665476604650977632e-02
-9.817652071147900394e-02
-2.393884124108741282e-02
-4.374848291009938994e-02
7.194545040792509234e-03
2.975809426934941659e-03
1.778782422373645020e-02
1.281059333142754719e-02
2.594526694334720746e-02
2.102234343298860914e-02
2.975799168298198100e-02
2.596782408040838180e-02
2.739380031461737669e-02
2.595115024787845309e-02
1.753872927242285801e-02
1.960037758652856399e-02
-1.611318486446891487e-04
6.265943540140171686e-03
-2.473717522684412001e-02
-1.362512581328579123e-02
-5.370344034483086337e-02
-3.833647528120899539e-02
-8.311268204797947479e-02
-6.478827863098643447e-02
-1.079252416553597022e-01
-8.878479236629764626e-02
-1.227121237424530359e-01
-1.055367117538621030e-01
-1.226520796829627807e-01
-1.104647581669554318e-01
-1.047303594880013289e-01
-1.002142732044618012e-01
-6.901378821976147937e-02
-7.377433935563618150e-02
-1.980964166901198059e-02
-3.355319231370484934e-02
4.461108280497205411e-03
1.485298853562262884e-03
1.139893751377047369e-02
7.268188076697698619e-03
1.679882894787376735e-02
1.215265392096453317e-02
1.942615066000659418e-02
1.518007903783057805e-02
1.809388775656182308e-02
1.535905577126356510e-02
1.194272023722659642e-02
1.187888047399878258e-02
7.241389043946703033e-04
4.339267287375386459e-03
-1.496501336423723336e-02
-7.042824035341630276e-03
-3.355380360147361407e-02
-2.129439109806018082e-02
-5.252834645326415197e-02
-3.666083648737319955e-02
-6.866288612809108571e-02
-5.073084363205063174e-02
-7.846490893318236459e-02
-6.073153259647340318e-02
-7.881184517708153536e-02
-6.398740793189938714e-02
-6.772012699729308693e-02
-5.850502048592018389e-02
-4.515491673697565739e-02
-4.361679066217210438e-02
-1.374355064469286875e-02
-2.058472393208897466e-02
1.485298853562263318e-03
0.000000000000000000e+00
4.292378649762756959e-03
1.485298853562263318e-03
6.536605630329497818e-03
2.807079796200494075e-03
7.726824214720852402e-03
3.729525834129003310e-03
7.383458314958548686e-03
3.997298380591849526e-03
5.146750108108670736e-03
3.386159934366696125e-03
8.892675897808736702e-04
1.760590173741971793e-03
-5.188285826102890901e-03
-8.713225839611009414e-04
-1.250087918520348049e-02
-4.316963242141790176e-03
-2.008446074181797700e-02
-8.183915943061694648e-03
-2.667941772309799509e-02
-1.190054479875629449e-02
-3.089894530167666686e-02
-1.477887292434171274e-02
-3.147515867084872687e-02
-1.612007237733495760e-02
-2.756051086340308154e-02
-1.535508629351376580e-02
-1.904659785728542512e-02
-1.220542456988931747e-02
-6.841173287396107652e-03
-6.841173287396107652e-03
