-3.654461897562950520e-03
-3.654461897562950520e-03
-7.179402771364020927e-03
-1.083386466892697145e-02
-1.046518015676603172e-02
-1.764458292813005438e-02
-1.341310865984646217e-02
-2.387828881661249736e-02
-1.594991526927815040e-02
-2.936302392912461603e-02
-1.803630557548728877e-02
-3.398622084476544264e-02
-1.965456759912423412e-02
-3.769087317461153330e-02
-2.077583985124998103e-02
-4.043040745037422556e-02
-2.134331260803210353e-02
-4.211915245928209151e-02
-2.126636118457000957e-02
-4.260967379260212351e-02
-2.041272399195371429e-02
-4.167908517652373079e-02
-1.864027265512076953e-02
-3.905299664707449075e-02
-1.583172942165388120e-02
-3.447200207677465766e-02
-1.194747389760963605e-02
-2.777920331926352418e-02
-7.075864272070440247e-03
-1.902333816968008323e-02
-1.435425700275980588e-03
-8.511289972346422136e-03
4.660629254043273731e-03
3.225203553767292709e-03
1.086122914450542848e-02
1.552185839854870394e-02
1.684616790767542657e-02
2.770739705218085852e-02
2.238735117054536927e-02
3.923351907822079931e-02
2.735156234589414953e-02
4.973891351643952574e-02
3.163538508011851103e-02
5.898694742601266749e-02
3.513132632380390474e-02
6.676671140392242965e-02
3.767786137695169901e-02
7.280918770075561763e-02
3.906931853894831524e-02
7.674717991590002120e-02
3.909892317422153374e-02
7.816824171316985592e-02
3.752212163831412234e-02
7.662104481253567689e-02
3.405125671382478597e-02
7.157337835213892219e-02
2.845904535506782809e-02
6.251030206889263141e-02
2.065167277353003455e-02
4.911071812859787306e-02
1.089892986643600445e-02
3.155060263996604941e-02
0.000000000000000000e+00
1.089892986643600792e-02
-1.056880648210974452e-02
-6.914344584546792266e-03
-2.442750166811070642e-02
-2.416244348129347602e-02
-3.745919866781837609e-02
-4.058765551023607587e-02
-4.925660689016325006e-02
-5.565811397000511307e-02
-5.950323966459851455e-02
-6.893164246887112379e-02
-6.801811337968977078e-02
-8.012202353967637358e-02
-7.473004727364510047e-02
-8.910737220944520143e-02
-7.955357819279341991e-02
-9.581691244057700951e-02
-8.229910143686125501e-02
-1.000789595712483493e-01
-8.265488983179110349e-02
-1.015684776248002574e-01
-8.014352855343054305e-02
-9.977602060066581569e-02
-7.420841861003754647e-02
-9.403258933182359613e-02
-6.434647756740660696e-02
-8.367017010871578842e-02
-5.030623548888766422e-02
-6.823323708190998094e-02
-3.231019932109122084e-02
-4.776136721864492063e-02
-1.110507693582324720e-02
-2.295651238695840465e-02
1.215013647125106830e-02
4.895720253730967766e-03
3.609180328522168524e-02
3.415550705820002975e-02
5.942160088908737120e-02
6.314537786808492592e-02
8.116828792366567735e-02
9.049514059002682076e-02
1.007689573059266652e-01
1.153521638054773729e-01
1.178468481153785163e-01
1.372415068247471448e-01
1.320121391880605399e-01
1.557407135536225118e-01
1.427348692092233473e-01
1.703024356164097308e-01
1.492849054409843279e-01
1.801412684105037632e-01
1.508434862178291425e-01
1.842822885686919154e-01
1.465065069519764229e-01
1.816596298183215663e-01
1.351836717100436402e-01
1.710178771356596072e-01
1.158741676886552163e-01
1.510254156914921098e-01
8.800113500703418690e-02
1.207133278532667442e-01
5.215195183364054743e-02
8.014343884564084641e-02
1.089892986643600792e-02
3.150027906011051287e-02
-1.644572447050136887e-02
-9.531379885954576608e-03
-3.925033020732597577e-02
-3.518807309409682088e-02
-6.071699913552849187e-02
-5.964473201943561870e-02
-8.013271697193474763e-02
-8.206314529504044053e-02
-9.695011592389074506e-02
-1.017496833471125267e-01
-1.108712946137378197e-01
-1.182709841936795819e-01
-1.218233019130651601e-01
-1.314833141573711894e-01
-1.297264290894204475e-01
-1.413554936261085249e-01
-1.342963392590709459e-01
-1.476804745294594823e-01
-1.350325829331187055e-01
-1.499805864330022998e-01
-1.311746452598682999e-01
-1.475176197993120497e-01
-1.217854896627451888e-01
-1.392950535435546200e-01
-1.059740529155330790e-01
-1.242652017477764437e-01
-8.323105530611119018e-02
-1.016481785984251068e-01
-5.388151925885051319e-02
-7.142420575329447296e-02
-1.918887513060964223e-02
-3.466271410494806138e-02
1.886142699181585919e-02
6.628267058610406645e-03
5.792934909900279705e-02
4.988968525013871835e-02
9.579973284146130197e-02
9.252000029940082859e-02
1.308807100801203105e-01
1.324615253525572300e-01
1.623278604709180450e-01
1.685295540791998392e-01
1.896779125674458444e-01
2.001810597140660231e-01
2.123993229607091526e-01
2.269418632651639123e-01
2.297215937940728647e-01
2.480899067728102869e-01
2.405648313106193426e-01
2.625775902870020051e-01
2.436042882221866601e-01
2.690304679945947353e-01
2.373303020038880495e-01
2.658361580568904259e-01
2.199630723472312255e-01
2.511223743491145521e-01
1.897237327071208957e-01
2.228271839372440444e-01
1.454525874725709211e-01
1.793117443235882069e-01
8.776387961734984089e-02
1.203608353980473583e-01
2.060134919367450496e-02
4.887346273891354093e-02
-2.093726764396924844e-02
-1.140588775801467010e-02
-5.070318188857919628e-02
-4.336672102299841958e-02
-7.872134013330098212e-02
-7.384204711567370072e-02
-1.040180979697016006e-01
-1.017485599240550154e-01
-1.258605849214824435e-01
-1.261985712209658383e-01
-1.438787608545401553e-01
-1.466687941591212352e-01
-1.580082770706492945e-01
-1.630040341878764565e-01
-1.682051642782338985e-01
-1.751979354784686249e-01
-1.741319692770545435e-01
-1.830275944891409101e-01
-1.751221793288392781e-01
-1.858894269025030133e-01
-1.701988460624871968e-01
-1.828554020921308310e-01
-1.581537157613691069e-01
-1.727145337408579340e-01
-1.377879163753879532e-01
-1.541668665081712131e-01
-1.083360186249426316e-01
-1.261846075696621272e-01
-7.015665979112802042e-02
-8.865134937046227626e-02
-2.495620372982919333e-02
-4.290746292156520647e-02
2.455716637308119621e-02
8.446534558980013652e-03
7.520995515742229243e-02
6.211059621357022109e-02
1.240343586238103479e-01
1.147639773306958766e-01
1.689902327327860165e-01
1.638427985460995939e-01
2.091013403060879849e-01
2.079812036872372427e-01
2.438881991109165259e-01
2.466067860946566936e-01
2.727853361920428155e-01
2.792285248911752227e-01
2.948767518964976464e-01
3.050296410112754431e-01
3.088591431426159217e-01
3.227899917733740853e-01
3.130671846030901317e-01
3.308831007747286002e-01
3.055011688724197372e-01
3.273060156462114234e-01
2.838175671531540933e-01
3.096905056234569020e-01
2.456066362840700346e-01
2.754377174980967569e-01
1.891890728473363259e-01
2.223805135776950048e-01
1.151253074787966235e-01
1.500943880770683192e-01
2.827211354523903597e-02
6.192700250442461501e-02
-2.396016070501575529e-02
-1.255427294700107999e-02
-5.852996696501164275e-02
-4.865478653298356548e-02
-9.107812348285015958e-02
-8.310250419776886444e-02
-1.204489555561519543e-01
-1.146578121325743660e-01
-1.458025299206625047e-01
-1.423224523014952059e-01
-1.667368209761508069e-01
-1.655325704382086816e-01
-1.831669168293502126e-01
-1.841096703130434831e-01
-1.950051125534264240e-01
-1.979783367870807942e-01
-2.018575114342191779e-01
-2.068422582982699376e-01
-2.029350315989232323e-01
-2.100074909185530303e-01
-1.971079797650037158e-01
-2.064203616981324374e-01
-1.830185993206810968e-01
-1.947554893151832445e-01
-1.593247885754949245e-01
-1.736157034085160089e-01
-1.251432840940671920e-01
-1.419045149671167572e-01
-8.083309053769036079e-02
-9.947643631657580865e-02
-2.837782674162903779e-02
-4.780876477841995015e-02
2.901845695751417362e-02
1.014535484864113532e-02
8.761789353396742808e-02
7.063638609201255969e-02
1.439687752697041967e-01
1.299220504168278334e-01
1.957425730654349383e-01
1.851389310821540402e-01
2.418586715399079767e-01
2.347674751047921227e-01
2.817874055415403589e-01
2.781594276056423842e-01
3.148951376262407731e-01
3.147354312928657416e-01
3.401743277681440469e-01
3.435966356839769142e-01
3.561789671841770755e-01
3.634104140641692404e-01
3.610250090597508787e-01
3.723900268384411349e-01
3.523916027596363243e-01
3.682946800015373112e-01
3.275583942581573038e-01
3.484546446205450398e-01
2.837251007494938637e-01
3.099728390392515465e-01
2.189221746355545228e-01
2.504356805933266594e-01
1.337494287934671844e-01
1.693857746215947091e-01
3.365488895918557904e-02
7.050823464995650824e-02
-2.560842213627331429e-02
-1.305414918927223084e-02
-6.294518555173114760e-02
-5.130470891303556130e-02
-9.815230483830038322e-02
-8.787016662429074365e-02
-1.299835621844100397e-01
-1.214536741752173382e-01
-1.575503580705984175e-01
-1.510026113770908118e-01
-1.804321721098751663e-01
-1.759300373614321733e-01
-1.984643800809477443e-01
-1.959911324157215529e-01
-2.114371494626571257e-01
-2.109804392728308331e-01
-2.188528231877815422e-01
-2.204744901185143879e-01
-2.198457795913929536e-01
-2.237063649965707057e-01
-2.132218995543433138e-01
-2.195748581279740874e-01
-1.975884683184078172e-01
-2.067424966244391649e-01
-1.716096679075106435e-01
-1.838455428229003319e-01
-1.344548103789670601e-01
-1.498690484863398620e-01
-8.653045207044503251e-02
-1.047475952597867327e-01
-2.991944942584060310e-02
-4.999779093898024801e-02
3.198043712518250370e-02
1.134657088749167070e-02
9.519863295977865070e-02
7.541578610182161913e-02
1.560781272108693329e-01
1.383362171957749909e-01
2.121364367298283204e-01
1.971223577114200043e-01
2.621318331477733299e-01
2.501044367560905091e-01
3.053880580246277621e-01
2.964516600018746173e-01
3.411567702658768741e-01
3.354373749335369248e-01
3.683381259160559695e-01
3.660579668313309609e-01
3.853906508528918140e-01
3.868960547889456203e-01
3.903042844881852158e-01
3.960734616226436744e-01
3.805965846502999961e-01
3.912411713582576445e-01
3.533891515766454106e-01
3.696280143644994354e-01
3.057772299729653587e-01
3.282972921479715422e-01
2.357998664731624783e-01
2.648936775630435503e-01
1.442343163812475904e-01
1.791349022750432507e-01
3.685334569077092226e-02
7.494308159393450741e-02
-2.605408497535318876e-02
-1.299993578608095446e-02
-6.436781041427835914e-02
-5.167145942359705618e-02
-1.006066103177262472e-01
-8.874473074640944203e-02
-1.335206694845059716e-01
-1.229557438410245063e-01
-1.621872448791116250e-01
-1.532351909957194169e-01
-1.861356992344244954e-01
-1.789406534456114972e-01
-2.050893425790289437e-01
-1.997360441461748515e-01
-2.186895116221602708e-01
-2.152716625935846007e-01
-2.263340323032389523e-01
-2.250057639967111833e-01
-2.271142471632003057e-01
-2.281202475391357065e-01
-2.198480226906755486e-01
-2.235268263207240702e-01
-2.032098481594500072e-01
-2.099624156520556451e-01
-1.759850881356265218e-01
-1.861953651661448494e-01
-1.374977654028112783e-01
-1.513779301367083052e-01
-8.824029436952876559e-02
-1.055762264051805233e-01
-3.025870077176485637e-02
-5.028406101297169806e-02
3.313100210411373814e-02
1.160407195799685771e-02
9.803141671424790704e-02
7.638049895423085212e-02
1.608057727212579557e-01
1.402838190976878896e-01
2.188972365146327759e-01
2.003225615395650694e-01
2.708833234034931925e-01
2.546902021804438032e-01
3.158733994152836955e-01
3.023324592085851470e-01
3.529615622983772738e-01
3.423339848028772447e-01
3.809486664072640472e-01
3.735716572066502539e-01
3.982280165002144989e-01
3.945607872032578234e-01
4.027423788943961802e-01
4.033915298359130874e-01
3.919889040715814343e-01
3.977209344732614560e-01
3.631351820274619779e-01
3.748514850265863285e-01
3.134319352863365049e-01
3.320309623779729713e-01
2.411857968592175938e-01
2.672039924075043649e-01
1.474560817005953206e-01
1.804131651948886472e-01
3.808973590316358515e-02
7.570215011602876576e-02
-2.548398087302668549e-02
-1.248404508694572583e-02
-6.324864660593736143e-02
-5.011531724463921811e-02
-9.911290783955747918e-02
-8.631317468976668073e-02
-1.318911917362218522e-01
-1.199102353060716164e-01
-1.606389967724491386e-01
-1.498599231564329837e-01
-1.847953035579058545e-01
-1.754457007681356484e-01
-2.039685816939426910e-01
-1.962228868944866644e-01
-2.176805906708750848e-01
-2.117308082040872952e-01
-2.252537348220269575e-01
-2.213464105247666125e-01
-2.257747962586066637e-01
-2.242365518480256836e-01
-2.181304677628670141e-01
-2.193724373248141790e-01
-2.011335393350838774e-01
-2.056227878158467526e-01
-1.737595595277806326e-01
-1.819451662041140505e-01
-1.355214346591971653e-01
-1.476927870197511372e-01
-8.698667287902092649e-02
-1.030517163991405416e-01
-3.007349875176301007e-02
-4.944017858216049471e-02
3.217734664239955272e-02
1.052513617384651275e-02
9.616740451999168660e-02
7.349118235427726242e-02
1.584524458743191422e-01
1.359869490566399941e-01
2.164639114702323619e-01
1.951157494285565008e-01
2.686137033391885476e-01
2.489620876040448405e-01
3.137975781041197898e-01
2.962719434577725797e-01
3.509408206057071378e-01
3.359453541136482868e-01
3.787481124156359957e-01
3.667448533101929087e-01
3.955802269152467465e-01
3.871445613282387122e-01
3.994062604038623454e-01
3.952621867801526245e-01
3.878245292952811063e-01
3.888607042843650330e-01
3.582142108192846175e-01
3.654552246862993736e-01
3.081709246857820550e-01
3.226378701279694616e-01
2.364259347752322715e-01
2.587938399618735508e-01
1.443429126008593244e-01
1.743374866329162054e-01
3.761241421286518061e-02
7.329609320340244039e-02
-2.407926880234986800e-02
-1.159522371540413870e-02
-6.002054713357587307e-02
-4.698443447736747741e-02
-9.429963400131322060e-02
-8.114033580642054932e-02
-1.258395414739770790e-01
-1.130286733190094678e-01
-1.537052031243870409e-01
-1.416657778720813721e-01
-1.772444529180177142e-01
-1.662830288902852616e-01
-1.959645152026947001e-01
-1.863356840159959282e-01
-2.093122952887149224e-01
-2.012916970867782984e-01
-2.165792215962086542e-01
-2.104948888269447815e-01
-2.168873886650274918e-01
-2.131373827104708907e-01
-2.092324758741279656e-01
-2.082856716249222861e-01
-1.926016082200087687e-01
-1.949693267163428168e-01
-1.661830800151550824e-01
-1.723502735502869254e-01
-1.296752280425895743e-01
-1.399799143616600461e-01
-8.368027638779053368e-02
-9.813243567068555273e-02
-2.992048779968825914e-02
-4.809554208519868645e-02
2.894309645747032700e-02
7.864152314333027610e-03
8.974479376116983875e-02
6.684891833291595198e-02
1.493601518916901072e-01
1.257942187619344176e-01
2.052878010330149716e-01
1.819977003138277816e-01
2.558220658595239949e-01
2.334959413301699871e-01
2.996882300537477839e-01
2.788899681906428785e-01
3.356709490197428147e-01
3.169394596061895220e-01
3.624055082045320453e-01
3.463270704061408023e-01
3.782631625118376695e-01
3.655273684935740341e-01
3.813088530678363508e-01
3.727454943865293746e-01
3.693400421973864756e-01
3.659322646045674587e-01
3.400626635311729817e-01
3.429113060531761570e-01
2.915220177136473856e-01
3.017057972498362051e-01
2.229220103788016605e-01
2.411832426883881997e-01
1.358657992116787949e-01
1.620824177709230540e-01
3.568367899053725978e-02
6.825881096675676107e-02
-2.201606299354698371e-02
-1.042083927814283981e-02
-5.510716691488558305e-02
-4.262284051801080997e-02
-8.679324118860015647e-02
-7.379618495327355809e-02
-1.161312455687573963e-01
-1.030551116332407424e-01
-1.422400930820102716e-01
-1.295164289336538932e-01
-1.644128311011185950e-01
-1.524093205451492739e-01
-1.820833671235968509e-01
-1.711219382364519981e-01
-1.946671257303536073e-01
-1.850876269538709040e-01
-2.014697948180829146e-01
-1.936626299234283088e-01
-2.016848434580477134e-01
-1.961015883349236377e-01
-1.944414419469858435e-01
-1.915906197346678996e-01
-1.789099743269150222e-01
-1.793288938067637561e-01
-1.544775777991537480e-01
-1.586695600794478522e-01
-1.209992792848879062e-01
-1.293297491872497651e-01
-7.907324348526136026e-02
-9.163540078039321413e-02
-3.018207511762995010e-02
-4.670761723479759792e-02
2.343803078535842271e-02
3.566857638905877523e-03
7.911153019744662784e-02
5.677958679302639450e-02
1.341170668074670724e-01
1.103302536712331833e-01
1.861167617760642878e-01
1.618020613994592960e-01
2.333626661705947292e-01
2.092735873356762200e-01
2.744779290956663731e-01
2.512767516049722039e-01
3.081656713328441155e-01
2.865024026854258166e-01
3.330428606558835103e-01
3.136129509961401718e-01
3.475443579145075512e-01
3.311382878752082703e-01
3.498933175283776009e-01
3.374279750746194129e-01
3.381559168666905535e-01
3.306803284718076164e-01
3.104256584675013642e-01
3.090780468738347220e-01
2.652220890744219628e-01
2.710933077700839466e-01
2.021834898996378860e-01
2.160385567494828851e-01
1.230358057904966107e-01
1.448756456096249867e-01
3.257513197621950823e-02
6.113550824071512652e-02
-1.946800283083788274e-02
-9.047163552695037733e-03
-4.893318793363959224e-02
-3.737357396187079850e-02
-7.724280574676842259e-02
-6.486413512400920900e-02
-1.035982550460903956e-01
-9.078300539494464638e-02
-1.272137592126042216e-01
-1.143717192605573640e-01
-1.473900805248237189e-01
-1.349181833406350450e-01
-1.635259002502920944e-01
-1.517975530946331364e-01
-1.750399346018799984e-01
-1.644396367854460694e-01
-1.812906929318796601e-01
-1.722474963868140529e-01
-1.815708275730079091e-01
-1.745670970646185094e-01
-1.751539304897770100e-01
-1.707173934512410951e-01
-1.613856256555539770e-01
-1.600614845508851747e-01
-1.398242325139302800e-01
-1.421213786101876986e-01
-1.104340941710314217e-01
-1.167365952174178600e-01
-7.377276980315033983e-02
-8.424099329142670234e-02
-3.106820690251393957e-02
-4.557120217573483456e-02
1.587029755107423334e-02
-2.239224873177941139e-03
6.486518809855366940e-02
4.382707200305404477e-02
1.136405147557689732e-01
9.050739258750968574e-02
1.601136241974158159e-01
1.357388906899593961e-01
2.025880728082241067e-01
1.777428100465686667e-01
2.396714581345273376e-01
2.150718581726976941e-01
2.700647679544984081e-01
2.464350008942940429e-01
2.924336960824089893e-01
2.705487816881854690e-01
3.053340615369759536e-01
2.860593794039199000e-01
3.071978564725992844e-01
2.915100129742551061e-01
2.963993000196885053e-01
2.853821704742383614e-01
2.714307758537735094e-01
2.662276173945101743e-01
2.312476195186535521e-01
2.329326991960097293e-01
1.758267382271792856e-01
1.851645823006879688e-01
1.068859835064939340e-01
1.239820092742032476e-01
2.856037626449561828e-02
5.247101171114607054e-02
-1.660422251181768033e-02
-7.557058959122640862e-03
-4.191923362497919359e-02
-3.157072145306891175e-02
-6.630886649357113638e-02
-5.492357896630992165e-02
-8.911946046502124130e-02
-7.702399218640694489e-02
-1.096859756591738039e-01
-9.724896651478341647e-02
-1.273779948003703755e-01
-1.149878270709559780e-01
-1.416173223405964854e-01
-1.296696612305224261e-01
-1.518535648569240282e-01
-1.407595975677333744e-01
-1.575215236451044110e-01
-1.477278899316483152e-01
-1.580294739558511241e-01
-1.500270970814026328e-01
-1.527962949908132639e-01
-1.471121060038126926e-01
-1.413256239312500329e-01
-1.384969714097140370e-01
-1.233146806571230880e-01
-1.238430670828542246e-01
-9.879248586455664782e-02
-1.030734252080044711e-01
-6.824066120843733096e-02
-7.648965273518087971e-02
-3.263481002008624537e-02
-4.483604556451240009e-02
6.616211902886564439e-03
-9.276377970800851747e-03
4.780788036178890144e-02
2.870654268587358865e-02
8.911805125697842833e-02
6.745665512675726172e-02
1.287939779240571125e-01
1.053062606593354322e-01
1.652951877114269552e-01
1.407210890963718208e-01
1.973009917180780226e-01
1.723695840184626960e-01
2.235947388258356927e-01
1.990603296114493159e-01
2.429632220350502747e-01
2.196389462329048081e-01
2.541385032227304608e-01
2.329272602480842447e-01
2.557974614948457237e-01
2.377006338763770488e-01
2.466337066795263044e-01
2.327368411984778451e-01
2.255132992159879779e-01
2.169365180464541687e-01
1.917501948642206799e-01
1.895339533434622359e-01
1.455380929195716488e-01
1.504386258057481829e-01
8.845826372504020374e-02
1.006765032968999218e-01
2.391063544665044879e-02
4.280186169283527187e-02
-1.358372635297285663e-02
-6.026667393850213168e-03
-3.446578165367619739e-02
-2.552595010627517480e-02
-5.463083314528466294e-02
-4.452154800456122052e-02
-7.356541778553538080e-02
-6.255754627167431359e-02
-9.073676001331197616e-02
-7.914867956267823690e-02
-1.056216528792322945e-01
-9.380759496597868008e-02
-1.177207018830585816e-01
-1.060628612611828475e-01
-1.265535967462965150e-01
-1.154623621716957815e-01
-1.316453641260330598e-01
-1.215650382298718718e-01
-1.325236540907063221e-01
-1.239355548487928449e-01
-1.287443657431169564e-01
-1.221582907044590632e-01
-1.199470638504632480e-01
-1.158786471708667665e-01
-1.059332420814406567e-01
-1.048658913705856760e-01
-8.675835040501388151e-02
-8.908978085271891667e-02
-6.280626976220736457e-02
-6.879402808859252927e-02
-3.481206658373357798e-02
-4.453329925468500761e-02
-3.823737088987252258e-03
-1.715819015749383072e-02
2.888457065336902038e-02
1.224688075219558872e-02
6.192648162362771741e-02
4.245573482615477845e-02
9.392120460611523558e-02
7.220282170062868043e-02
1.235857887271179789e-01
1.002736215015830601e-01
1.497662800038423447e-01
1.255565833275527621e-01
1.713984181511012395e-01
1.470357762431095949e-01
1.874504164645512394e-01
1.637442975971340475e-01
1.968775516883327359e-01
1.747249837069451694e-01
1.986237250219278494e-01
1.790118858085297249e-01
1.916908899018264778e-01
1.756746013437451293e-01
1.752693658096476370e-01
1.639206031460683499e-01
1.489433734789432362e-01
1.432555671146624465e-01
1.129992539958958597e-01
1.137202431898493848e-01
6.877066781910019799e-02
7.619288563191964347e-02
1.889122624618481960e-02
3.264179280059002763e-02
-1.054907966923911491e-02
-4.522412275388900879e-03
-2.693513852538307468e-02
-1.951532704746965219e-02
-4.279214953606431948e-02
-3.414557160428718929e-02
-5.773969178905367927e-02
-4.808358019416711371e-02
-7.138009691690611058e-02
-6.097898065714260629e-02
-8.331583199625766656e-02
-7.247641439781885020e-02
-9.315938562796940992e-02
-8.222641427629787114e-02
-1.005345435475462068e-01
-8.988940762569558318e-02
-1.050742672605472910e-01
-9.513500715282233178e-02
-1.064247225483764131e-01
-9.764376085629204727e-02
-1.042647921455544802e-01
-9.711932323138529333e-02
-9.834407656441560008e-02
-9.331629657776119302e-02
-8.853505109554868358e-02
-8.608165296897508922e-02
-7.489031789257011296e-02
-7.540293884625486054e-02
-5.768691911427253904e-02
-6.145177847054506676e-02
-3.743961778482507441e-02
-4.460547931802742727e-02
-1.487787378385492174e-02
-2.543806874023473233e-02
9.107125855994255281e-03
-4.683175611549680178e-03
3.353289294925346220e-02
1.682197388026637069e-02
5.739817480890113677e-02
3.819899285499886443e-02
7.974035106490018343e-02
5.858328727770479444e-02
9.966196401510221681e-02
7.715789897798452923e-02
1.163227170513935205e-01
9.315860149967572501e-02
1.289166564000996940e-01
1.058577177623508114e-01
1.366492525261244484e-01
1.145470440866961648e-01
1.387396697615996266e-01
1.185296044605818888e-01
1.344733971450430277e-01
1.171503047762956218e-01
1.233022773344343986e-01
1.098713598914904249e-01
1.049905139807878057e-01
9.638598686413900329e-02
7.981422353227385358e-02
7.677230068749305025e-02
4.877646514728815885e-02
5.167681385368885771e-02
1.375056655440520456e-02
2.246302108828390071e-02
-7.621462754070646925e-03
-3.099050478681744745e-03
-1.963723334933521747e-02
-1.377003644978642624e-02
-3.129343120561826203e-02
-2.420490442857971616e-02
-4.233395808670498139e-02
-3.419038702993325296e-02
-5.249321164395843314e-02
-4.350430066840735993e-02
-6.150503122809804213e-02
-5.192294473400112242e-02
-6.910792116289177223e-02
-5.922595571313077345e-02
-7.504650135561398427e-02
-6.519798624448172597e-02
-7.907207682751285494e-02
-6.962870695215511718e-02
-8.094725330686736164e-02
-7.231482938581310083e-02
-8.045938482376906176e-02
-7.306827659133549591e-02
-7.744458707774232176e-02
-7.173314423791934957e-02
-7.181969676921379220e-02
-6.821041086463540404e-02
-6.361585136641313698e-02
-6.248600741594566993e-02
-5.300370743569644827e-02
-5.465515937787977785e-02
-4.030099204598469598e-02
-4.493436080738119620e-02
-2.595920292645280056e-02
-3.365626469900040441e-02
-1.053265283954360129e-02
-2.124848519806690761e-02
5.362813154463704976e-03
-8.201512097802331550e-03
2.109201308153211066e-02
4.966752449984046178e-03
3.603373325728447679e-02
1.774164101501407229e-02
4.959759505786170974e-02
2.963049312435702548e-02
6.122342792198936373e-02
4.016648651729302910e-02
7.037149468189282664e-02
4.890132039324916746e-02
7.651295477116773491e-02
5.539634400411327930e-02
7.913452978326504517e-02
5.922008853327916794e-02
7.777222487732950162e-02
5.996651518531660729e-02
7.207657965239394615e-02
5.730053700698042873e-02
6.190657585191194912e-02
5.102808608311085181e-02
4.744805244041082337e-02
4.118685472147850385e-02
2.933283576277983043e-02
2.814599719428260288e-02
8.712454533878697879e-03
1.268192050197393048e-02
-4.897986020225765513e-03
-1.798935541544019467e-03
-1.282175121137726220e-02
-8.472113057205500619e-03
-2.053796667223508829e-02
-1.502201035458142903e-02
-2.790453951375352140e-02
-2.134064593309390259e-02
-3.478017919250031564e-02
-2.732398909461820555e-02
-4.102676948072326440e-02
-3.287291491477353778e-02
-4.650985031126872449e-02
-3.789275057295814209e-02
-5.109744646653263667e-02
-4.229127598308062702e-02
-5.465893158957921272e-02
-4.597618621508897663e-02
-5.706657032618436820e-02
-4.885404240530819703e-02
-5.820219553540272039e-02
-5.083291319130585351e-02
-5.796987186242733014e-02
-5.183003139234425294e-02
-5.631299620575113546e-02
-5.178390004336599906e-02
-5.323206132127016044e-02
-5.066833601565401413e-02
-4.879775996846659469e-02
-4.850450586232443739e-02
-4.315471486808031970e-02
-4.536666208698239555e-02
-3.651410709267489951e-02
-4.137918850035830765e-02
-2.913692060514934748e-02
-3.670548072720972860e-02
-2.131205180509923580e-02
-3.153162795392294715e-02
-1.333479566115520001e-02
-2.604927466397245067e-02
-5.491112368390394828e-03
-2.044228841301160698e-02
1.948693147649975185e-03
-1.488082010282704842e-02
8.726808860591610956e-03
-9.523882575546765636e-03
1.458939204015521386e-02
-4.528178087806021893e-03
1.927852114280809853e-02
-5.825653250631553787e-05
2.253219546523309996e-02
3.707238841816487898e-03
2.409982484783814924e-02
6.579946377740501784e-03
2.377570317702417529e-02
8.380700709894771047e-03
2.144863706829158376e-02
8.972296807618417719e-03
1.716216505553619029e-02
8.302437171150358827e-03
1.117081986899631438e-02
6.448185449182223909e-03
3.969465968095231730e-03
3.645203903614844913e-03
-2.451227823481684585e-03
-6.522922819376646836e-04
-6.676424490566900717e-03
-3.754589735524830295e-03
-1.082862617543123296e-02
-6.832678465588465366e-03
-1.486776506900575751e-02
-9.871701628996747135e-03
-1.876530340991251766e-02
-1.287297296495968843e-02
-2.250132872999800054e-02
-1.584990732301909400e-02
-2.606048340195680699e-02
-1.882291612494640248e-02
-2.942701468754161179e-02
-2.181332184472837762e-02
-3.257999450423455789e-02
-2.483699346013920270e-02
-3.549021853692723577e-02
-2.789891601034382926e-02
-3.812014301576374664e-02
-3.098997628226130008e-02
-4.042735903269832620e-02
-3.408675300021468679e-02
-4.237082639364265352e-02
-3.715412585305804399e-02
-4.391789110438816535e-02
-4.014947764476194114e-02
-4.504943574903824688e-02
-4.302654629671812114e-02
-4.576091713820664569e-02
-4.573694490640464738e-02
-4.605853910855684658e-02
-4.822832052750310877e-02
-4.595162412105217864e-02
-5.043960109471588849e-02
-4.544366473388834760e-02
-5.229510077895720144e-02
-4.452519525194228306e-02
-5.370000917303446863e-02
-4.317136738829868703e-02
-5.453979522441211591e-02
-4.134587902934368231e-02
-5.468525027019410789e-02
-3.901088888769156660e-02
-5.400337209101145619e-02
-3.614047463211531724e-02
-5.237249399586248189e-02
-3.273424571402087230e-02
-4.969889368566864085e-02
-2.882738549086075533e-02
-4.593209237138370926e-02
-2.449337599664378612e-02
-4.107575124182843290e-02
-1.983750670973349547e-02
-3.519170494617440692e-02
-1.498208894394476021e-02
-2.839688999416727436e-02
-1.004707422077323956e-02
-2.085526007519519429e-02
-5.134000407921191292e-03
-1.276953219349082590e-02
-3.242620644803868705e-04
-4.380831956202333420e-03
-3.304714656365366943e-04
3.218208163011282061e-04
-1.329949718092831700e-03
2.952330102514426498e-04
-2.372874431204981954e-03
2.080195612485830244e-04
-3.507731760281795029e-03
-4.852272332794838050e-06
-4.804335919488390665e-03
-4.351581548195067664e-04
-6.346690979201502318e-03
-1.193450020623627785e-03
-8.224817146166043397e-03
-2.400013407400045876e-03
-1.052582686599577710e-02
-4.174889444443849983e-03
-1.332497512977324529e-02
-6.627501378443053856e-03
-1.667765976353136059e-02
-9.846719927056130084e-03
-2.061326657857021419e-02
-1.389225258642367775e-02
-2.513131351784090445e-02
-1.878799382969887494e-02
-3.019969410437818580e-02
-2.451748780164467525e-02
-3.575421351043989171e-02
-3.102113051064073895e-02
-4.169831369889895334e-02
-3.819439437224694811e-02
-4.790212224896489568e-02
-4.588638049377933431e-02
-5.420070504732357741e-02
-5.389847900058736263e-02
-6.039232300473687531e-02
-6.198364553839830204e-02
-6.623821430985246672e-02
-6.984745956196844463e-02
-7.146569717108854081e-02
-7.715246626283769893e-02
-7.577608564022828008e-02
-8.352717366581254022e-02
-7.885801889824334276e-02
-8.858042643216409995e-02
-8.040555946715852165e-02
-9.192083503353998264e-02
-8.013928337049883166e-02
-9.317986563847496795e-02
-7.782843290077992582e-02
-9.203680322186294505e-02
-7.331291822493357646e-02
-8.824461078268200365e-02
-6.652314254021279849e-02
-8.165560264279500546e-02
-5.749567441351395580e-02
-7.224473676236770059e-02
-4.638482729831032436e-02
-6.012941348121609436e-02
-3.347145939779728324e-02
-4.558622557068990611e-02
-1.917257454937570244e-02
-2.906631589926021372e-02
-4.056569891721946604e-03
-1.121278069932568275e-02
1.435984306538766117e-03
1.114163490237637857e-03
3.142226537392576752e-03
3.630685551742235048e-03
4.707475349147328264e-03
6.016499596947048889e-03
6.009264883633047213e-03
8.140698512659607505e-03
6.895690426338160414e-03
9.837233976841715938e-03
7.195850995849857601e-03
1.091581367814276234e-02
6.731479835276379595e-03
1.117410327994840941e-02
5.329473645479101962e-03
1.041103918643333792e-02
2.834743567014794303e-03
8.440781169385023000e-03
-8.773617048372594172e-04
5.106628037903475706e-03
-5.889799452498024543e-03
2.941515926131655538e-04
-1.223428197373663609e-02
-6.057101588682318669e-03
-1.988365819518166794e-02
-1.394377205541565655e-02
-2.874616523746438904e-02
-2.329089922473882510e-02
-3.866135795490217852e-02
-3.394621181991876180e-02
-4.939765029945483027e-02
-4.567654708722967971e-02
-6.065175870593196572e-02
-5.816667175998499473e-02
-7.205077011254962249e-02
-7.102110932681950095e-02
-8.315787504277141751e-02
-8.376986305969115476e-02
-9.348285861418950682e-02
-9.587902214200724749e-02
-1.024981276286577037e-01
-1.067670434852855121e-01
-1.096602820490577279e-01
-1.158268952199670854e-01
-1.144362322776570351e-01
-1.224532717592540232e-01
-1.163323530166508468e-01
-1.260734440894514252e-01
-1.149253979072051152e-01
-1.261803654340168945e-01
-1.098957408696734500e-01
-1.223681576731135423e-01
-1.010620013130375944e-01
-1.143704469821675979e-01
-8.841430333549812892e-02
-1.020991077835858019e-01
-7.214548712903670613e-02
-8.568131463446497509e-02
-5.267914600972332245e-02
-6.549382138516435248e-02
-3.069539532128940859e-02
-4.219345925885990833e-02
-7.156210807603737012e-03
-1.674508407968295504e-02
2.837969132479959376e-03
1.723805642242321520e-03
6.710689443780224958e-03
6.239793840819076245e-03
1.036430871943458051e-02
1.057003955191809785e-02
1.361755396870925269e-02
1.453213992768450508e-02
1.625363445818404223e-02
1.790252082102502390e-02
1.803312325421941448e-02
2.042940048375713885e-02
1.870827888599091438e-02
2.184733617796901645e-02
1.803850192637643929e-02
2.189311818126198766e-02
1.580640256164882185e-02
2.032255777768600391e-02
1.183380653799843453e-02
1.692754345937355631e-02
5.996982282543579339e-03
1.155264748518811460e-02
-1.759567667410312855e-03
4.110565158704396899e-03
-1.141128206016570230e-02
-5.404258057214672561e-03
-2.284409019267585883e-02
-1.690435916786874396e-02
-3.584768770810362049e-02
-3.020083209358628146e-02
-5.011194731745190895e-02
-4.499823407330926645e-02
-6.522702241938548029e-02
-6.089340118907754507e-02
-8.068787209922684278e-02
-7.737887213773979311e-02
-9.590403485002713113e-02
-9.385170467529294069e-02
-1.102154276546074008e-01
-1.096284523457075333e-01
-1.229146794286323924e-01
-1.239669000701365403e-01
-1.332755421610657964e-01
-1.360944105131032811e-01
-1.405858724548098848e-01
-1.452415296857123006e-01
-1.441836638183557062e-01
-1.506790527021171777e-01
-1.434958654094328767e-01
-1.517580727209711100e-01
-1.380808283815617710e-01
-1.479535685910693399e-01
-1.276740607619871737e-01
-1.389120253579412545e-01
-1.122346858851914209e-01
-1.245011931944627614e-01
-9.199129648301979101e-02
-1.048598632856585361e-01
-6.748301442994031341e-02
-8.044466202236749686e-02
-3.959493357935386926e-02
-5.206981337499326512e-02
-9.588873272079757523e-03
-2.094065883418017374e-02
3.880411836788623045e-03
2.156606194546301092e-03
9.384393960072148072e-03
8.139175446279331427e-03
1.461070125938985359e-02
1.389595127050505252e-02
1.933449214884416095e-02
1.920732264806599213e-02
2.329143446788022737e-02
2.380881983672411203e-02
2.619221478686333676e-02
2.740536240814545055e-02
2.773873768522189254e-02
2.968733906457849195e-02
2.764168779307178692e-02
3.034825000505359666e-02
2.563894009627978865e-02
2.910345385678002328e-02
2.151415932226213856e-02
2.570940074313118884e-02
1.511484627386319377e-02
1.998262118956209768e-02
6.369069355399234120e-03
1.181768526791349833e-02
-4.699855118248339250e-03
1.203339468250860063e-03
-1.796143149739842099e-02
-1.176395145072904255e-02
-3.316947920824642876e-02
-2.686980963686567969e-02
-4.995774382335946978e-02
-4.377584457281397112e-02
-6.784035472290025903e-02
-6.201841060132481931e-02
-8.621789092399267940e-02
-8.101299473946108054e-02
-1.043898032466792081e-01
-1.000649894568659964e-01
-1.215738617129165644e-01
-1.183875427886224296e-01
-1.369331598595653343e-01
-1.351270968112451842e-01
-1.496099301780773605e-01
-1.493964588830352380e-01
-1.587632660565416187e-01
-1.603127981968691662e-01
-1.636102653236922722e-01
-1.670388214472143251e-01
-1.634711218166135516e-01
-1.688279255355732977e-01
-1.578189969322191799e-01
-1.650743428462251305e-01
-1.463330630179247027e-01
-1.553672943826950592e-01
-1.289528754131529231e-01
-1.395467806406607836e-01
-1.059345963391468137e-01
-1.177611011573698740e-01
-7.790128071898447248e-02
-9.052264823312504427e-02
-4.588342817164235699e-02
-5.875324792320640171e-02
-1.135178556210095745e-02
-2.381967510392375004e-02
4.580370228362801166e-03
2.423764033816499641e-03
1.120316112603009576e-02
9.368161550355889183e-03
1.750879914905171045e-02
1.606122751836957033e-02
2.324367914492915521e-02
2.225990563479968154e-02
2.811274415466085211e-02
2.767477296364406758e-02
3.179487228514747688e-02
3.198486866281900071e-02
3.396014790631521341e-02
3.485453350560209496e-02
3.428866984450423816e-02
3.595196636640926591e-02
3.249037763135274176e-02
3.496903140709515384e-02
2.832523154375498481e-02
3.164169467147629616e-02
2.162297582391766587e-02
2.577034475724149926e-02
1.230165060714408232e-02
1.723916624744934942e-02
3.839902396389516552e-04
6.033685466017912197e-03
-1.398915909742987421e-02
-7.744411993561076818e-03
-3.054926405127379035e-02
-2.386609355850736330e-02
-4.889522273709878686e-02
-4.196831178693935516e-02
-6.849400972810207322e-02
-6.155272111442153249e-02
-8.868763852115174595e-02
-8.199059763136816448e-02
-1.087071615245559369e-01
-1.025347067733732853e-01
-1.276943441835574344e-01
-1.223387767093041534e-01
-1.447316359804234898e-01
-1.404852022770298747e-01
-1.588797623756149080e-01
-1.560210025213232821e-01
-1.692183289268690827e-01
-1.679987644006569192e-01
-1.748895563826193822e-01
-1.755195317219465645e-01
-1.751480293482451656e-01
-1.777811040717691693e-01
-1.694155687006202171e-01
-1.741324514836805060e-01
-1.573388399890164602e-01
-1.641317683929356397e-01
-1.388475200943514454e-01
-1.476053480779367655e-01
-1.142154308763652232e-01
-1.247079445858389479e-01
-8.411683964702586225e-02
-9.598311747204298083e-02
-4.966964637368344315e-02
-6.241187058336232496e-02
-1.246788954182333035e-02
-2.544804106001898741e-02
4.964248644747733599e-03
2.540484610931232658e-03
1.223065937072700254e-02
9.983352659665149786e-03
1.915857245809061624e-02
1.716300388612225503e-02
2.547955811872872761e-02
2.382579657270180590e-02
3.088359114939400601e-02
2.967214981460814666e-02
3.503463708455396841e-02
3.437133076214576866e-02
3.758823767010768813e-02
3.757834487138804469e-02
3.821073588060444615e-02
3.895262158501599375e-02
3.659961964750928221e-02
3.817802759911355370e-02
3.250431905270355359e-02
3.498359025299412062e-02
2.574667382626380160e-02
2.916418499400454112e-02
1.624020167322805588e-02
2.060034031871867816e-02
4.007243273479035167e-03
9.276243840383913489e-03
-1.080696655204559098e-02
-4.705006511384438560e-03
-2.792425359732511603e-02
-2.110987369473213762e-02
-4.692841472922729823e-02
-3.956752703237948615e-02
-6.726596486285936483e-02
-5.956856942782456921e-02
-8.825352218961812767e-02
-8.047017803478986875e-02
-1.090925283672693619e-01
-1.015083846732977857e-01
-1.288918979106864759e-01
-1.218181043198343361e-01
-1.466991831818892644e-01
-1.404614462897991745e-01
-1.615398660135550502e-01
-1.564644803775146753e-01
-1.724596970463606882e-01
-1.688595585135504451e-01
-1.785692582867267064e-01
-1.767289881373529936e-01
-1.790956260077139484e-01
-1.792538048833443032e-01
-1.734397529551327810e-01
-1.757698527556422197e-01
-1.612358845914788064e-01
-1.658269863706156588e-01
-1.424110718037691903e-01
-1.492486799133920239e-01
-1.172471314877111537e-01
-1.261924307220561037e-01
-8.643857786104303109e-02
-9.721007816723750694e-02
-5.113659815293081223e-02
-6.329702760559441366e-02
-1.298015151819565706e-02
-2.592648440142860181e-02
5.065265049520706331e-03
2.524780438589473239e-03
1.254802350395596913e-02
1.005369992762802575e-02
1.968764822406911599e-02
1.731997455296468286e-02
2.621360753515977055e-02
2.407102775849544532e-02
3.181520036691509734e-02
3.001041963349364641e-02
3.615674523262980833e-02
3.481205617218499637e-02
3.889479746795600212e-02
3.813650415160597246e-02
3.969703343089135000e-02
3.964910211255100181e-02
3.826228965784901626e-02
3.903940978521527189e-02
3.434110511012922196e-02
3.604139656337984610e-02
2.775599411966099550e-02
3.045364303549511278e-02
1.842058249190996200e-02
2.215872512511154677e-02
6.356672831019578515e-03
1.114087283705500822e-02
-8.291730984252546413e-03
-2.499052208753407660e-03
-2.524841518420985198e-02
-1.853223251439141406e-02
-4.409991061075055341e-02
-3.659517866517389417e-02
-6.429629512050627493e-02
-5.618852400028007815e-02
-8.515863077482875576e-02
-7.668214329557997144e-02
-1.058936941796713299e-01
-9.732728443603058666e-02
-1.256165162249336387e-01
-1.172762497787422087e-01
-1.433811324854835922e-01
-1.356099960114702241e-01
-1.582193363814037301e-01
-1.513737253814627093e-01
-1.691836304541293468e-01
-1.636187939580229789e-01
-1.753917803943143561e-01
-1.714465612439009523e-01
-1.760776126253510987e-01
-1.740558582856948644e-01
-1.706479314814139947e-01
-1.707975124754925467e-01
-1.587415551620626197e-01
-1.612324004723515447e-01
-1.402880080646259353e-01
-1.451897815341596787e-01
-1.155673994901688512e-01
-1.228253687231158492e-01
-8.526648187335714169e-02
-9.467850396194353590e-02
-5.052131632652669124e-02
-6.171927028809495730e-02
-1.294633288323294475e-02
-2.538073535566744143e-02
4.921190139250684534e-03
2.396409700661210861e-03
1.224816369686481179e-02
9.656138519418704103e-03
1.924227889463623470e-02
1.666479161486430355e-02
2.564214534119484828e-02
2.318107014844007080e-02
3.114892672669338641e-02
2.892323221105892045e-02
3.544062499549881923e-02
3.358227628342865673e-02
3.818833881037641403e-02
3.683714871471407970e-02
3.907414568508030955e-02
3.837167569925575145e-02
3.781011855606490613e-02
3.789278577427029893e-02
3.415785618567343529e-02
3.514945805099224663e-02
2.794779031644389206e-02
2.995171201337159389e-02
1.909743728797467024e-02
2.218885356347290172e-02
7.627692767314488143e-03
1.184611458503257060e-02
-6.323770968231352124e-03
-9.812259981988842930e-04
-2.249295210247364771e-02
-1.607716933181272539e-02
-4.048472841818550466e-02
-3.309868452530369265e-02
-5.977367932154488417e-02
-5.157461568502696297e-02
-7.971126608980973194e-02
-7.091057323600084838e-02
-9.953997264724030736e-02
-9.040044178026826471e-02
-1.184148296522583577e-01
-1.092449622643971996e-01
-1.354325165102866491e-01
-1.265776165972662404e-01
-1.496677656349036933e-01
-1.414976932377410013e-01
-1.602150035459850019e-01
-1.531095862228066817e-01
-1.662324308170809450e-01
-1.605657096152713348e-01
-1.669900642000346491e-01
-1.631118558818341335e-01
-1.619233447977911633e-01
-1.601376508619894723e-01
-1.506896669481694873e-01
-1.512310302795305539e-01
-1.332245737053079915e-01
-1.362336138090288196e-01
-1.097971753484801305e-01
-1.152946068611385294e-01
-8.106171156414787582e-02
-8.892241371773745851e-02
-4.809730064750156187e-02
-5.802771983496808617e-02
-1.243440247243449495e-02
-2.395301380270035280e-02
4.572359953556146168e-03
2.175950252894934440e-03
1.143076425972756882e-02
8.871766132454484560e-03
1.797942657428744373e-02
1.533742439659681149e-02
2.397568226127127361e-02
2.135152596689057075e-02
2.914316527248177191e-02
2.665669051544889909e-02
3.318477217954620556e-02
3.097135568423378671e-02
3.579747229473166648e-02
3.400344447163395484e-02
3.668863608162337142e-02
3.546562277276162078e-02
3.559342968084117098e-02
3.509174997401880158e-02
3.229270392160664416e-02
3.265400833325018959e-02
2.663069866903595637e-02
2.798008871195220917e-02
1.853179393309103973e-02
2.096971734172639601e-02
8.015473113302251651e-03
1.160973618586249451e-02
-4.791374439033574406e-03
-1.309714525051918627e-05
-1.964569085005051646e-02
-1.370244092730383417e-02
-3.618387798436917963e-02
-2.914666707977692228e-02
-5.392260135922791187e-02
-4.591790755145194053e-02
-7.226544903915860241e-02
-6.347654079890358014e-02
-9.051597767237200276e-02
-8.118167778507122401e-02
-1.078974822598135624e-01
-9.830802853476040826e-02
-1.235795573960044719e-01
-1.140692904464129381e-01
-1.367110949858464930e-01
-1.276478590571303862e-01
-1.464585669217093045e-01
-1.382301480819118078e-01
-1.520478548326344159e-01
-1.450461294622506780e-01
-1.528091196133173901e-01
-1.474118397659272550e-01
-1.482252573744532453e-01
-1.447749344439816788e-01
-1.379835059935382024e-01
-1.367634270242625849e-01
-1.220274009565299744e-01
-1.232359298096782907e-01
-1.006064695015922994e-01
-1.043302234932629302e-01
-7.432139368201530483e-02
-8.050801795321176069e-02
-4.415958018252155032e-02
-5.259255187597918629e-02
-1.151861133026585785e-02
-2.179475852262053454e-02
4.059953764680828033e-03
1.884003511785893158e-03
1.019794810718380532e-02
7.782545440071360517e-03
1.605991176813783075e-02
1.347943360599790710e-02
2.142973089173645651e-02
1.878011887067434701e-02
2.606208885302122025e-02
2.345928552368948053e-02
2.969378695751478947e-02
2.727099488333509930e-02
3.205672056273036613e-02
2.996047954392361615e-02
3.289221689618389982e-02
3.127734250925034987e-02
3.196633231296969191e-02
3.098981254399654078e-02
2.908560188547246184e-02
2.889960557201433008e-02
2.411263921425460185e-02
2.485684797613130909e-02
1.698090468795079855e-02
1.877443651756274812e-02
7.707901072678626647e-03
1.064114616613157441e-02
-3.593979242514059799e-03
5.327559028548462146e-04
-1.670973679964531111e-02
-1.137955240863859283e-02
-3.131793244343833438e-02
-2.482425208605340550e-02
-4.699143295368700401e-02
-3.942866875026565521e-02
-6.320332902109850048e-02
-5.472291498365788875e-02
-7.933847908079846856e-02
-7.014903855708075342e-02
-9.471094379303932054e-02
-8.507569422637817347e-02
-1.085873235132288894e-01
-9.881843058490842602e-02
-1.202156676611273317e-01
-1.106653990668173410e-01
-1.288591839514801329e-01
-1.199079394594117776e-01
-1.338336812587274383e-01
-1.258751545877543898e-01
-1.345479986716063558e-01
-1.279715655347902770e-01
-1.305469453914637756e-01
-1.257172894664785878e-01
-1.215563326518405707e-01
-1.187901739495133280e-01
-1.075285046537835798e-01
-1.070689864652214496e-01
-8.868549286270160925e-02
-9.067524517007395646e-02
-6.555725730127844042e-02
-7.001097821909768593e-02
-3.901199756223856785e-02
-4.579007871634137306e-02
-1.027614719235467322e-02
-1.906041453851507750e-02
3.424525813361160419e-03
1.540522301575266611e-03
8.650574824427900364e-03
6.468505450612634274e-03
1.364256644507733963e-02
1.122911033061977509e-02
1.821697345178945743e-02
1.565989918833237196e-02
2.216607120354600197e-02
1.957337115270808836e-02
2.526738011209812146e-02
2.276525976164076731e-02
2.729452428896303462e-02
2.502421693131723010e-02
2.802925618425905138e-02
2.614267898277848265e-02
2.727430509643600370e-02
2.592862312363206079e-02
2.486661920395636521e-02
2.421783849735119343e-02
2.069049090313002798e-02
2.088625844441321586e-02
1.468998807595533161e-02
1.586183369964590251e-02
6.880063686338985275e-03
9.135373766550790309e-03
-2.644313164099767761e-03
7.697495259314235394e-04
-1.370166619543277363e-02
-9.093162096262853711e-03
-2.602079903982462694e-02
-2.022839754021071162e-02
-3.924144434365847006e-02
-3.232725499060236374e-02
-5.291927093429089901e-02
-4.500056449771283607e-02
-6.653562061635930058e-02
-5.778626703101005790e-02
-7.951218074070484643e-02
-7.016154765440371643e-02
-9.123058682657511631e-02
-8.155958654903271154e-02
-1.010566901229646153e-01
-9.139077081104285405e-02
-1.083689457745791451e-01
-9.906796503244197361e-02
-1.125901894413132431e-01
-1.040352251202063399e-01
-1.132221118292362216e-01
-1.057992624067322363e-01
-1.098817653518308485e-01
-1.039630208514045751e-01
-1.023393822650818796e-01
-9.826062959238458794e-02
-9.055621338583885738e-02
-8.859276788802651625e-02
-7.472022712284061285e-02
-7.506071352716763012e-02
-5.527739011484697484e-02
-5.799688671121758232e-02
-3.295630030331062055e-02
-3.798989078399699765e-02
-8.784267346160404277e-03
-1.590207195685314906e-02
2.704780154282738006e-03
1.164257852707470961e-03
6.885140741451439839e-03
5.005418956907436295e-03
1.087933330368626682e-02
8.717433088333196786e-03
1.454069830456478432e-02
1.217358853437624198e-02
1.770366966022054317e-02
1.522807107553432807e-02
2.019118497518394839e-02
1.772229492460164479e-02
2.182324044494783968e-02
1.949232883927191559e-02
2.242638961950887966e-02
2.037725843932405162e-02
2.184391049527492634e-02
2.022825419263231395e-02
1.994629572385430913e-02
1.891804969458198149e-02
1.664165804826350098e-02
1.635047603430976604e-02
1.188559027036425672e-02
1.246964707769867078e-02
5.689979438633979356e-03
7.268350318756877475e-03
-1.869748111403164758e-03
7.951717210875879766e-04
-1.064947754897978098e-02
-6.840126254151283544e-03
-2.043385954884542610e-02
-1.546344365678441191e-02
-3.093683038182442474e-02
-2.483583643968139201e-02
-4.180558900361060204e-02
-3.465604424077829010e-02
-5.262832051221860707e-02
-4.456634892139721416e-02
-6.294582256195246917e-02
-5.416194900511660248e-02
-7.226702750607227888e-02
-6.300389660529319424e-02
-8.008822518053487771e-02
-7.063548215310672118e-02
-8.591560346718112029e-02
-7.660178292719579951e-02
-8.929058539355283486e-02
-8.047194448266478672e-02
-8.981738762606748805e-02
-8.186367493399497597e-02
-8.719216794931722303e-02
-8.046938414648410753e-02
-8.123300401975475094e-02
-7.608328687711365945e-02
-7.190959444010643076e-02
-6.862858324453195713e-02
-5.937109542875270568e-02
-5.818342183950384744e-02
-4.397032732529083943e-02
-4.500404963849894552e-02
-2.628262251334270022e-02
-2.954356245826593452e-02
-7.117804610692746517e-03
-1.246476468649592405e-02
1.936582036825646325e-03
7.723241841181748219e-04
4.991254612071195466e-03
3.462939993564671023e-03
7.911259462882347382e-03
6.064802771164348738e-03
1.058942562022962067e-02
8.488996764088794361e-03
1.290505870794736790e-02
1.063352302283120110e-02
1.472923669991965667e-02
1.238759906795159314e-02
1.593096606780328509e-02
1.363676397903332976e-02
1.638404518166201862e-02
1.426866441581717965e-02
1.597442793351192686e-02
1.417935010272646477e-02
1.460783221143704957e-02
1.327986675300960560e-02
1.221729403805499846e-02
1.150289624445460963e-02
8.770330796025942871e-03
8.809159770336007222e-03
4.275348658871943978e-03
5.193272328806596179e-03
-1.213087161883520324e-03
6.887188957779382097e-04
-7.590502923521147416e-03
-4.628383663744137580e-03
-1.470065676672412461e-02
-1.063706732828936102e-02
-2.233590519496420068e-02
-1.717114141406794747e-02
-3.024007854611172191e-02
-2.402093344244066522e-02
-3.811407374971671064e-02
-3.093734813726352340e-02
-4.562427643963195417e-02
-3.763837277505344137e-02
-5.241380881107590706e-02
-4.381806220225052673e-02
-5.811647154998002968e-02
-4.915792910872830712e-02
-6.237312277770716562e-02
-5.334055442791955925e-02
-6.485013503275051383e-02
-5.606513386777820657e-02
-6.525949971087853518e-02
-5.706460072052211424e-02
-6.338007114288027322e-02
-5.612389939934719213e-02
-5.907931816327809116e-02
-5.309888623187780654e-02
-5.233472787608853261e-02
-4.793517993747575118e-02
-4.325373703651037849e-02
-4.068605426866953728e-02
-3.209090907603627529e-02
-3.152827006329657344e-02
-1.926103867807467396e-02
-2.077466298263690864e-02
-5.346960075803177531e-03
-8.882294122458691404e-03
1.152210158069047951e-03
3.798859739508728584e-04
3.049671078478673539e-03
1.903199095690521212e-03
4.865339390035609488e-03
3.378522315856458732e-03
6.532651491637281663e-03
4.755450809302095433e-03
7.976819535280347401e-03
5.976376860227255138e-03
9.118000436297676176e-03
6.978756588742594628e-03
9.875046495887364328e-03
7.697920585119770800e-03
1.016971929596289723e-02
8.070303464803035495e-03
9.931227445271762974e-03
8.036977404353032664e-03
9.100925207941167050e-03
7.547363730988783034e-03
7.636984767620158716e-03
6.562979189534159236e-03
5.518832917287953485e-03
5.061055708172496406e-03
2.751125884217607651e-03
3.037857498388900606e-03
-6.329740996582462970e-04
5.115092188467704019e-04
-4.569458218295236254e-03
-2.475854711870803179e-03
-8.962295293732493520e-03
-5.856805443515380322e-03
-1.368362913932568564e-02
-9.538372457425000478e-03
-1.857552433464053007e-02
-1.340298381242180370e-02
-2.345338955873158687e-02
-1.731071085977965024e-02
-2.811114863475987907e-02
-2.110289103089121182e-02
-3.232815953296171163e-02
-2.460714963004957331e-02
-3.587780536214674881e-02
-2.764378239520552671e-02
-3.853760661405406657e-02
-3.003339998953297868e-02
-4.010063881453122814e-02
-3.160567991059470144e-02
-4.038798454091589718e-02
-3.220902379989731834e-02
-3.926188787943489522e-02
-3.172087201136002121e-02
-3.663919225153327436e-02
-3.005836564262345800e-02
-3.250451236281726164e-02
-2.718895660827506944e-02
-2.692243867644268998e-02
-2.314044470920318883e-02
-2.004794289863924550e-02
-1.800979427962619978e-02
-1.213401879869777968e-02
-1.196993772743982186e-02
-3.535334046655513006e-03
-5.273434418332370067e-03
3.798859739508729668e-04
0.000000000000000000e+00
1.130874911572346498e-03
3.798859739508729668e-04
1.852164359117434251e-03
7.509889376214734773e-04
2.517644797501470983e-03
1.101175421495960774e-03
3.098000756396107266e-03
1.416469376005510209e-03
3.561844537683992156e-03
1.681531380390597057e-03
3.877145357174093931e-03
1.880313157293395099e-03
4.012864396742048603e-03
1.996832199880698832e-03
3.940729373312472535e-03
2.016032196861350205e-03
3.637081493208703820e-03
1.924697176451122546e-03
3.084720536130653758e-03
1.712384316757581274e-03
2.274665813328915001e-03
1.372336219373072267e-03
1.207744069900370610e-03
9.023295939558429509e-04
-1.040887609377795400e-04
3.054144759445276045e-04
-1.636785869310314681e-03
-4.095032368823071445e-04
-3.353698700208640644e-03
-1.227282632428007645e-03
-5.205599974779879201e-03
-2.126416067780632999e-03
-7.131311062740485970e-03
-3.079183906999246201e-03
-9.058986430561681569e-03
-4.052127155741239335e-03
-1.090808517619803672e-02
-5.006859274820441366e-03
-1.259203275136046296e-02
-5.901225901377595354e-03
-1.402154659091579998e-02
-6.690806849982867607e-03
-1.510857017260889071e-02
-7.330739740932932375e-03
-1.577073354514068465e-02
-7.777830431675958334e-03
-1.593623446428483331e-02
-7.992903113464724582e-03
-1.554900815687672820e-02
-7.943331350820106995e-03
-1.457401842372847353e-02
-7.605676806056621206e-03
-1.300245319330863014e-02
-6.968341617671851458e-03
-1.085654733698914604e-02
-6.034111575636778683e-03
-8.193688736749922541e-03
-4.822435761352368219e-03
-5.109353347074410516e-03
-3.371252975397553454e-03
-1.738100371676857062e-03
-1.738100371676857062e-03
